\BOOKMARK [1][-]{section.1}{\376\377\000C\000l\000a\000s\000s\000e\000s}{}% 1
\BOOKMARK [1][-]{section.2}{\376\377\000i\000n\000i\000t}{}% 2
\BOOKMARK [1][-]{section.3}{\376\377\000M\000\351\000t\000o\000d\000o\000s\000\040\000e\000m\000\040\000i\000n\000s\000t\000a\000n\000c\000i\000a\000s\000\040\000d\000e\000\040\000c\000l\000a\000s\000s\000e\000s\000\040\000p\000y\000t\000h\000o\000n}{}% 3
\BOOKMARK [2][-]{subsection.3.1}{\376\377\000E\000n\000t\000e\000n\000d\000e\000n\000d\000o\000\040\000s\000e\000l\000f\000\040\000e\000m\000\040\000c\000l\000a\000s\000s\000e\000s\000\040\000P\000y\000t\000h\000o\000n}{section.3}% 4
\BOOKMARK [1][-]{section.4}{\376\377\000E\000s\000c\000o\000p\000o\000\040\000d\000a\000\040\000c\000l\000a\000s\000s\000e\000\040\000e\000\040\000d\000e\000\040\000m\000\351\000t\000o\000d\000o\000s\000\040\000d\000a\000\040\000c\000l\000a\000s\000s\000e}{}% 5
\BOOKMARK [1][-]{section.5}{\376\377\000\040\000M\000a\000n\000t\000e\000n\000d\000o\000\040\000e\000s\000t\000a\000d\000o\000s\000\040\000d\000e\000n\000t\000r\000o\000\040\000d\000a\000\040\000c\000l\000a\000s\000s\000e}{}% 6
\BOOKMARK [1][-]{section.6}{\376\377\000A\000t\000r\000i\000b\000u\000t\000o\000s\000\040\000d\000e\000\040\000c\000l\000a\000s\000s\000e}{}% 7
\BOOKMARK [1][-]{section.7}{\376\377\000d\000i\000c\000t\000\040\000e\000\040\000v\000a\000r\000s\000\040\000p\000a\000r\000a\000\040\000a\000t\000r\000i\000b\000u\000t\000o\000s\000\040\000d\000e\000\040\000i\000n\000s\000t\000a\000n\000c\000i\000a}{}% 8
\BOOKMARK [1][-]{section.8}{\376\377\000\040\000M\000\351\000t\000o\000d\000o\000s\000\040\000d\000e\000\040\000c\000l\000a\000s\000s\000e\000\040\000+\000\040\000f\000a\000c\000t\000o\000r\000i\000e\000s\000\040\000\050\000f\000\341\000b\000r\000i\000c\000a\000s\000\051}{}% 9
\BOOKMARK [1][-]{section.9}{\376\377\000@\000s\000t\000a\000t\000i\000c\000m\000e\000t\000h\000o\000d\000\040\000\050\000m\000\351\000t\000o\000d\000o\000s\000\040\000e\000s\000t\000\341\000t\000i\000c\000o\000s\000\051}{}% 10
\BOOKMARK [1][-]{section.10}{\376\377\000\040\000m\000e\000t\000h\000o\000d\000\040\000v\000s\000\040\000@\000c\000l\000a\000s\000s\000m\000e\000t\000h\000o\000d\000\040\000v\000s\000\040\000@\000s\000t\000a\000t\000i\000c\000m\000e\000t\000h\000o\000d}{}% 11
\BOOKMARK [1][-]{section.11}{\376\377\000@\000p\000r\000o\000p\000e\000r\000t\000y\000\040\000-\000\040\000u\000m\000\040\000g\000e\000t\000t\000e\000r\000\040\000n\000o\000\040\000m\000o\000d\000o\000\040\000P\000y\000t\000h\000\364\000n\000i\000c\000o}{}% 12
\BOOKMARK [1][-]{section.12}{\376\377\000@\000p\000r\000o\000p\000e\000r\000t\000y\000\040\000+\000\040\000@\000s\000e\000t\000t\000e\000r\000\040\000-\000\040\000g\000e\000t\000t\000e\000r\000\040\000e\000\040\000s\000e\000t\000t\000e\000r\000\040\000n\000o\000\040\000m\000o\000d\000o\000\040\000P\000y\000t\000h\000\364\000n\000i\000c\000o}{}% 13
\BOOKMARK [1][-]{section.13}{\376\377\000\040\000E\000n\000c\000a\000p\000s\000u\000l\000a\000m\000e\000n\000t\000o\000\040\000\050\000m\000o\000d\000i\000f\000i\000c\000a\000d\000o\000r\000e\000s\000\040\000d\000e\000\040\000a\000c\000e\000s\000s\000o\000:\000\040\000p\000u\000b\000l\000i\000c\000,\000\040\000p\000r\000o\000t\000e\000c\000t\000e\000d\000,\000\040\000p\000r\000i\000v\000a\000t\000e\000\051}{}% 14
\BOOKMARK [1][-]{section.14}{\376\377\000R\000e\000l\000a\000\347\000\365\000e\000s\000\040\000e\000n\000t\000r\000e\000\040\000c\000l\000a\000s\000s\000e\000s\000:\000\040\000a\000s\000s\000o\000c\000i\000a\000\347\000\343\000o\000,\000\040\000a\000g\000r\000e\000g\000a\000\347\000\343\000o\000\040\000e\000\040\000c\000o\000m\000p\000o\000s\000i\000\347\000\343\000o}{}% 15
\BOOKMARK [1][-]{section.15}{\376\377\000A\000g\000r\000e\000g\000a\000\347\000\343\000o}{}% 16
\BOOKMARK [1][-]{section.16}{\376\377\000C\000o\000m\000p\000o\000s\000i\000\347\000\343\000o}{}% 17
\BOOKMARK [1][-]{section.17}{\376\377\000H\000e\000r\000a\000n\000\347\000a\000\040\000s\000i\000m\000p\000l\000e\000s\000\040\000R\000e\000l\000a\000\347\000\365\000e\000s\000\040\000e\000n\000t\000r\000e\000\040\000c\000l\000a\000s\000s\000e\000s}{}% 18
\BOOKMARK [2][-]{subsection.17.1}{\376\377\000p\000r\000i\000m\000e\000i\000r\000o\000\040\000e\000x\000e\000m\000p\000l\000o}{section.17}% 19
\BOOKMARK [2][-]{subsection.17.2}{\376\377\000s\000u\000p\000e\000r\000\050\000\051\000\040\000e\000\040\000a\000\040\000s\000o\000b\000r\000e\000p\000o\000s\000i\000\347\000\343\000o\000\040\000d\000e\000\040\000m\000e\000m\000b\000r\000o\000s\000\040\000-\000\040\000P\000y\000t\000h\000o\000n\000\040\000O\000r\000i\000e\000n\000t\000a\000d\000o\000\040\000a\000\040\000O\000b\000j\000e\000t\000o\000s}{section.17}% 20
\BOOKMARK [2][-]{subsection.17.3}{\376\377\000c\000o\000n\000t\000i\000n\000u\000a\000\347\000\343\000o}{section.17}% 21
\BOOKMARK [1][-]{section.18}{}{}% 22
\BOOKMARK [1][-]{section.19}{}{}% 23
